<?xml version="1.0" encoding="UTF-8"?>
<!-- Generated by org.testng.reporters.JUnitReportReporter -->
<testsuite hostname="LAPTOP-A1GHL1JJ" failures="0" tests="1" name="pages.locationtest" time="19.949" errors="0" timestamp="2021-06-24T17:09:10 IST" skipped="0">
  <testcase classname="pages.locationtest" name="Login" time="19.949"/>
  <system-out/>
</testsuite> <!-- pages.locationtest -->
