<?xml version="1.0" encoding="UTF-8"?>
<!-- Generated by org.testng.reporters.JUnitReportReporter -->
<testsuite hostname="LAPTOP-A1GHL1JJ" failures="0" tests="2" name="TestNG.Screenshot" time="0.007" errors="0" timestamp="2021-06-21T13:51:25 IST" skipped="0">
  <testcase classname="TestNG.Screenshot" name="f" time="0.005"/>
  <system-out/>
  <testcase classname="TestNG.Screenshot" name="f" time="0.002"/>
  <system-out/>
</testsuite> <!-- TestNG.Screenshot -->
