<?xml version="1.0" encoding="UTF-8"?>
<!-- Generated by org.testng.reporters.JUnitReportReporter -->
<testsuite hostname="LAPTOP-A1GHL1JJ" failures="0" tests="1" name="pages.jobtitletestcase" time="8.848" errors="0" timestamp="2021-06-24T17:46:59 IST" skipped="0">
  <testcase classname="pages.jobtitletestcase" name="Login" time="8.848"/>
  <system-out/>
</testsuite> <!-- pages.jobtitletestcase -->
