<?xml version="1.0" encoding="UTF-8"?>
<!-- Generated by org.testng.reporters.JUnitReportReporter -->
<testsuite hostname="LAPTOP-A1GHL1JJ" failures="0" tests="1" name="pages.organizationtest" time="17.896" errors="0" timestamp="2021-06-24T17:46:59 IST" skipped="0">
  <testcase classname="pages.organizationtest" name="Login" time="17.896"/>
  <system-out/>
</testsuite> <!-- pages.organizationtest -->
