<?xml version="1.0" encoding="UTF-8"?>
<!-- Generated by org.testng.reporters.JUnitReportReporter -->
<testsuite hostname="LAPTOP-A1GHL1JJ" failures="0" tests="2" name="test.Screenshot" time="0.006" errors="0" timestamp="2021-06-21T19:24:48 IST" skipped="0">
  <testcase classname="test.Screenshot" name="f" time="0.005"/>
  <system-out/>
  <testcase classname="test.Screenshot" name="f" time="0.001"/>
  <system-out/>
</testsuite> <!-- test.Screenshot -->
